#
# A fatal error has been detected by the Java Runtime Environment:
#
#  EXCEPTION_ACCESS_VIOLATION (0xc0000005) at pc=0x000002445873aec0, pid=18964, tid=0x000000000000163c
#
# JRE version: OpenJDK Runtime Environment (8.0_212-b04) (build 1.8.0_212-b04)
# Java VM: OpenJDK 64-Bit Server VM (25.212-b04 mixed mode windows-amd64 compressed oops)
# Problematic frame:
# v  ~BufferBlob::jni_fast_GetFloatField
#
# Failed to write core dump. Minidumps are not enabled by default on client versions of Windows
#
# If you would like to submit a bug report, please visit:
#   
# The crash happened outside the Java Virtual Machine in native code.
# See problematic frame for where to report the bug.
#

---------------  T H R E A D  ---------------

Current thread (0x000002446e56b800):  JavaThread "jME3 Main" [_thread_in_native, id=5692, stack(0x000000d6c0900000,0x000000d6c0a00000)]

siginfo: ExceptionCode=0xc0000005, reading address 0x0000000000000000

Registers:
RAX=0x000000005b514680, RBX=0x000002447fd8b330, RCX=0x000002446e56b9e0, RDX=0x0000000000000000
RSP=0x000000d6c09fea48, RBP=0x000000d6c09feb70, RSI=0x0000024401ddb758, RDI=0x00000000d70ea7d0
R8 =0x0000000000000032, R9 =0x0000000000000000, R10=0x0000000000000082, R11=0x000000d6c09fe9f0
R12=0x0000000000000000, R13=0x0000024401de9b38, R14=0x000000010006f7c0, R15=0x000002446e56b800
RIP=0x000002445873aec0, EFLAGS=0x0000000000010246

Top of Stack: (sp=0x000000d6c09fea48)
0x000000d6c09fea48:   00007fff3bc636a0 00007fff3bcef76a
0x000000d6c09fea58:   0000000000000000 000002446e542150
0x000000d6c09fea68:   0000000000000000 0000000000000000
0x000000d6c09fea78:   00007fff3bc616e3 000002446e56b9e0
0x000000d6c09fea88:   0000000000000000 0000000000000032
0x000000d6c09fea98:   000000d6c09feb40 0000000000000052
0x000000d6c09feaa8:   000000d600000000 c033333300000000
0x000000d6c09feab8:   00007fff3bc5ea26 000002446e56b9e0
0x000000d6c09feac8:   0000000000000000 000000d6c09feaf0
0x000000d6c09fead8:   00000244704b6500 000002446d395ab0
0x000000d6c09feae8:   000000010006f7c0 0000024401de9b38
0x000000d6c09feaf8:   0000000000000000 00000000200002c2
0x000000d6c09feb08:   0000024458e4c3ac 000002446e56b9e0
0x000000d6c09feb18:   000000d6c09feb30 000002446d395ab0
0x000000d6c09feb28:   0000000000000000 00000000d70ea7d0
0x000000d6c09feb38:   000000d6c09feb60 0000000000000000 

Instructions: (pc=0x000002445873aec0)
0x000002445873aea0:   49 ba 34 8c 57 5b 00 00 00 00 45 8b 12 4c 8b ca
0x000002445873aeb0:   41 f6 c2 01 0f 85 35 00 00 00 4d 33 ca 4d 33 ca
0x000002445873aec0:   4d 8b 09 4d 8b d8 49 c1 eb 02 c4 81 7a 10 04 19
0x000002445873aed0:   49 bb 34 8c 57 5b 00 00 00 00 c4 e1 f9 7e c0 4c 


Register to memory mapping:

RAX=0x000000005b514680 is an unknown value
RBX={method} {0x000002447fd8b338} 'setLinearVelocity' '(JLcom/jme3/math/Vector3f;)V' in 'com/jme3/bullet/objects/PhysicsRigidBody'
RCX=0x000002446e56b9e0 is an unknown value
RDX=0x0000000000000000 is an unknown value
RSP=0x000000d6c09fea48 is pointing into the stack for thread: 0x000002446e56b800
RBP=0x000000d6c09feb70 is pointing into the stack for thread: 0x000002446e56b800
RSI=0x0000024401ddb758 is pointing into metadata
RDI=0x00000000d70ea7d0 is an oop
com.jme3.bullet.control.RigidBodyControl 
 - klass: 'com/jme3/bullet/control/RigidBodyControl'
R8 =0x0000000000000032 is an unknown value
R9 =0x0000000000000000 is an unknown value
R10=0x0000000000000082 is an unknown value
R11=0x000000d6c09fe9f0 is pointing into the stack for thread: 0x000002446e56b800
R12=0x0000000000000000 is an unknown value
R13=0x0000024401de9b38 is pointing into metadata
R14=0x000000010006f7c0 is pointing into metadata
R15=0x000002446e56b800 is a thread


Stack: [0x000000d6c0900000,0x000000d6c0a00000],  sp=0x000000d6c09fea48,  free space=1018k
Native frames: (J=compiled Java code, j=interpreted, Vv=VM code, C=native code)
C  0x000002445873aec0

Java frames: (J=compiled Java code, j=interpreted, Vv=VM code)
J 2392  com.jme3.bullet.objects.PhysicsRigidBody.setLinearVelocity(JLcom/jme3/math/Vector3f;)V (0 bytes) @ 0x0000024458e4c30f [0x0000024458e4c2c0+0x4f]
J 2597 C1 mygame.Arkanoid$1.onAnalog(Ljava/lang/String;FF)V (331 bytes) @ 0x0000024458f41d84 [0x0000024458f40860+0x1524]
J 2594 C1 com.jme3.input.InputManager.invokeAnalogs(IFZ)V (138 bytes) @ 0x0000024458f2862c [0x0000024458f27b40+0xaec]
J 2442 C1 com.jme3.input.InputManager.invokeUpdateActions()V (143 bytes) @ 0x0000024458e866dc [0x0000024458e85ba0+0xb3c]
J 2422 C1 com.jme3.input.InputManager.update(F)V (123 bytes) @ 0x0000024458e5fd7c [0x0000024458e5f840+0x53c]
J 2419 C1 com.jme3.app.LegacyApplication.update()V (137 bytes) @ 0x0000024458e7591c [0x0000024458e74b80+0xd9c]
J 2418 C1 com.jme3.app.SimpleApplication.update()V (235 bytes) @ 0x0000024458e72cac [0x0000024458e72b20+0x18c]
J 2417 C1 com.jme3.system.lwjgl.LwjglAbstractDisplay.runLoop()V (141 bytes) @ 0x0000024458e60b4c [0x0000024458e608e0+0x26c]
J 2355 C1 com.jme3.system.lwjgl.LwjglDisplay.runLoop()V (108 bytes) @ 0x0000024458e3fc4c [0x0000024458e3d280+0x29cc]
j  com.jme3.system.lwjgl.LwjglAbstractDisplay.run()V+136
j  java.lang.Thread.run()V+11
v  ~StubRoutines::call_stub

---------------  P R O C E S S  ---------------

Java Threads: ( => current thread )
  0x00000244702f9000 JavaThread "jME3 Audio Decoder" daemon [_thread_blocked, id=8416, stack(0x000000d6c1100000,0x000000d6c1200000)]
  0x0000024456e2f800 JavaThread "DestroyJavaVM" [_thread_blocked, id=10024, stack(0x000000d6bf400000,0x000000d6bf500000)]
=>0x000002446e56b800 JavaThread "jME3 Main" [_thread_in_native, id=5692, stack(0x000000d6c0900000,0x000000d6c0a00000)]
  0x000002446eafe000 JavaThread "TimerQueue" daemon [_thread_blocked, id=19216, stack(0x000000d6c0800000,0x000000d6c0900000)]
  0x000002446e351000 JavaThread "AWT-Windows" daemon [_thread_in_native, id=26700, stack(0x000000d6c0500000,0x000000d6c0600000)]
  0x000002446e34f800 JavaThread "Java2D Disposer" daemon [_thread_blocked, id=10076, stack(0x000000d6c0300000,0x000000d6c0400000)]
  0x000002446d3f4000 JavaThread "Service Thread" daemon [_thread_blocked, id=16936, stack(0x000000d6c0100000,0x000000d6c0200000)]
  0x000002446d37e800 JavaThread "C1 CompilerThread2" daemon [_thread_blocked, id=10732, stack(0x000000d6c0000000,0x000000d6c0100000)]
  0x000002446d379000 JavaThread "C2 CompilerThread1" daemon [_thread_blocked, id=27288, stack(0x000000d6bff00000,0x000000d6c0000000)]
  0x000002446d31d000 JavaThread "C2 CompilerThread0" daemon [_thread_blocked, id=28524, stack(0x000000d6bfe00000,0x000000d6bff00000)]
  0x000002446d31b800 JavaThread "Attach Listener" daemon [_thread_blocked, id=28896, stack(0x000000d6bfd00000,0x000000d6bfe00000)]
  0x000002446d372000 JavaThread "Signal Dispatcher" daemon [_thread_blocked, id=18312, stack(0x000000d6bfc00000,0x000000d6bfd00000)]
  0x000002446d2f1000 JavaThread "Finalizer" daemon [_thread_blocked, id=15072, stack(0x000000d6bfb00000,0x000000d6bfc00000)]
  0x000002446d2e7000 JavaThread "Reference Handler" daemon [_thread_blocked, id=13576, stack(0x000000d6bfa00000,0x000000d6bfb00000)]

Other Threads:
  0x000002446cbae000 VMThread [stack: 0x000000d6bf900000,0x000000d6bfa00000] [id=15160]
  0x000002446d40e800 WatcherThread [stack: 0x000000d6c0200000,0x000000d6c0300000] [id=12212]

VM state:not at safepoint (normal execution)

VM Mutex/Monitor currently owned by a thread: None

heap address: 0x0000000084800000, size: 1976 MB, Compressed Oops mode: 32-bit
Narrow klass base: 0x0000000000000000, Narrow klass shift: 3
Compressed class space size: 1073741824 Address: 0x0000000100000000

Heap:
 PSYoungGen      total 36864K, used 9612K [0x00000000d6d80000, 0x00000000d9680000, 0x0000000100000000)
  eden space 31744K, 15% used [0x00000000d6d80000,0x00000000d725d430,0x00000000d8c80000)
  from space 5120K, 90% used [0x00000000d8c80000,0x00000000d9105d78,0x00000000d9180000)
  to   space 5120K, 0% used [0x00000000d9180000,0x00000000d9180000,0x00000000d9680000)
 ParOldGen       total 84992K, used 6527K [0x0000000084800000, 0x0000000089b00000, 0x00000000d6d80000)
  object space 84992K, 7% used [0x0000000084800000,0x0000000084e5fec8,0x0000000089b00000)
 Metaspace       used 19090K, capacity 19341K, committed 19584K, reserved 1067008K
  class space    used 2092K, capacity 2170K, committed 2176K, reserved 1048576K

Card table byte_map: [0x0000024467a90000,0x0000024467e70000] byte_map_base: 0x000002446766c000

Marking Bits: (ParMarkBitMap*) 0x000000005b581f50
 Begin Bits: [0x0000024468110000, 0x0000024469ff0000)
 End Bits:   [0x0000024469ff0000, 0x000002446bed0000)

Polling page: 0x0000024456da0000

CodeCache: size=245760Kb used=8751Kb max_used=8760Kb free=237008Kb
 bounds [0x00000244586d0000, 0x0000024458f70000, 0x00000244676d0000]
 total_blobs=3289 nmethods=2633 adapters=569
 compilation: enabled

Compilation events (10 events):
Event: 32.480 Thread 0x000002446d37e800 nmethod 2635 0x0000024458f52a10 code [0x0000024458f52c60, 0x0000024458f53930]
Event: 32.516 Thread 0x000002446d379000 nmethod 2618 0x0000024458f5d050 code [0x0000024458f5d2e0, 0x0000024458f61110]
Event: 32.705 Thread 0x000002446d31d000 2636       4       com.jme3.material.Material::getSortId (150 bytes)
Event: 32.711 Thread 0x000002446d31d000 nmethod 2636 0x0000024458f55090 code [0x0000024458f55200, 0x0000024458f55448]
Event: 33.112 Thread 0x000002446d379000 2637       4       com.jme3.renderer.queue.OpaqueComparator::compare (13 bytes)
Event: 33.135 Thread 0x000002446d379000 nmethod 2637 0x0000024458f59bd0 code [0x0000024458f59e00, 0x0000024458f5ab38]
Event: 33.352 Thread 0x000002446d31d000 2638       4       com.jme3.scene.Node::updateWorldBound (109 bytes)
Event: 33.371 Thread 0x000002446d31d000 nmethod 2638 0x0000024458f63b10 code [0x0000024458f63cc0, 0x0000024458f64638]
Event: 33.695 Thread 0x000002446d379000 2639       4       com.jme3.renderer.RenderManager::renderGeometry (241 bytes)
Event: 33.750 Thread 0x000002446d379000 nmethod 2639 0x0000024458f65110 code [0x0000024458f65420, 0x0000024458f66988]

GC Heap History (10 events):
Event: 3.314 GC heap before
{Heap before GC invocations=1 (full 0):
 PSYoungGen      total 36864K, used 25169K [0x00000000d6d80000, 0x00000000d9680000, 0x0000000100000000)
  eden space 31744K, 79% used [0x00000000d6d80000,0x00000000d8614418,0x00000000d8c80000)
  from space 5120K, 0% used [0x00000000d9180000,0x00000000d9180000,0x00000000d9680000)
  to   space 5120K, 0% used [0x00000000d8c80000,0x00000000d8c80000,0x00000000d9180000)
 ParOldGen       total 84992K, used 0K [0x0000000084800000, 0x0000000089b00000, 0x00000000d6d80000)
  object space 84992K, 0% used [0x0000000084800000,0x0000000084800000,0x0000000089b00000)
 Metaspace       used 13564K, capacity 13866K, committed 14080K, reserved 1060864K
  class space    used 1683K, capacity 1786K, committed 1792K, reserved 1048576K
Event: 3.321 GC heap after
Heap after GC invocations=1 (full 0):
 PSYoungGen      total 36864K, used 5100K [0x00000000d6d80000, 0x00000000d9680000, 0x0000000100000000)
  eden space 31744K, 0% used [0x00000000d6d80000,0x00000000d6d80000,0x00000000d8c80000)
  from space 5120K, 99% used [0x00000000d8c80000,0x00000000d917b040,0x00000000d9180000)
  to   space 5120K, 0% used [0x00000000d9180000,0x00000000d9180000,0x00000000d9680000)
 ParOldGen       total 84992K, used 1543K [0x0000000084800000, 0x0000000089b00000, 0x00000000d6d80000)
  object space 84992K, 1% used [0x0000000084800000,0x0000000084981d30,0x0000000089b00000)
 Metaspace       used 13564K, capacity 13866K, committed 14080K, reserved 1060864K
  class space    used 1683K, capacity 1786K, committed 1792K, reserved 1048576K
}
Event: 3.321 GC heap before
{Heap before GC invocations=2 (full 1):
 PSYoungGen      total 36864K, used 5100K [0x00000000d6d80000, 0x00000000d9680000, 0x0000000100000000)
  eden space 31744K, 0% used [0x00000000d6d80000,0x00000000d6d80000,0x00000000d8c80000)
  from space 5120K, 99% used [0x00000000d8c80000,0x00000000d917b040,0x00000000d9180000)
  to   space 5120K, 0% used [0x00000000d9180000,0x00000000d9180000,0x00000000d9680000)
 ParOldGen       total 84992K, used 1543K [0x0000000084800000, 0x0000000089b00000, 0x00000000d6d80000)
  object space 84992K, 1% used [0x0000000084800000,0x0000000084981d30,0x0000000089b00000)
 Metaspace       used 13564K, capacity 13866K, committed 14080K, reserved 1060864K
  class space    used 1683K, capacity 1786K, committed 1792K, reserved 1048576K
Event: 3.341 GC heap after
Heap after GC invocations=2 (full 1):
 PSYoungGen      total 36864K, used 0K [0x00000000d6d80000, 0x00000000d9680000, 0x0000000100000000)
  eden space 31744K, 0% used [0x00000000d6d80000,0x00000000d6d80000,0x00000000d8c80000)
  from space 5120K, 0% used [0x00000000d8c80000,0x00000000d8c80000,0x00000000d9180000)
  to   space 5120K, 0% used [0x00000000d9180000,0x00000000d9180000,0x00000000d9680000)
 ParOldGen       total 84992K, used 6502K [0x0000000084800000, 0x0000000089b00000, 0x00000000d6d80000)
  object space 84992K, 7% used [0x0000000084800000,0x0000000084e59998,0x0000000089b00000)
 Metaspace       used 13564K, capacity 13866K, committed 14080K, reserved 1060864K
  class space    used 1683K, capacity 1786K, committed 1792K, reserved 1048576K
}
Event: 3.345 GC heap before
{Heap before GC invocations=3 (full 1):
 PSYoungGen      total 36864K, used 381K [0x00000000d6d80000, 0x00000000d9680000, 0x0000000100000000)
  eden space 31744K, 1% used [0x00000000d6d80000,0x00000000d6ddf690,0x00000000d8c80000)
  from space 5120K, 0% used [0x00000000d8c80000,0x00000000d8c80000,0x00000000d9180000)
  to   space 5120K, 0% used [0x00000000d9180000,0x00000000d9180000,0x00000000d9680000)
 ParOldGen       total 84992K, used 6502K [0x0000000084800000, 0x0000000089b00000, 0x00000000d6d80000)
  object space 84992K, 7% used [0x0000000084800000,0x0000000084e59998,0x0000000089b00000)
 Metaspace       used 13564K, capacity 13866K, committed 14080K, reserved 1060864K
  class space    used 1683K, capacity 1786K, committed 1792K, reserved 1048576K
Event: 3.346 GC heap after
Heap after GC invocations=3 (full 1):
 PSYoungGen      total 36864K, used 64K [0x00000000d6d80000, 0x00000000d9680000, 0x0000000100000000)
  eden space 31744K, 0% used [0x00000000d6d80000,0x00000000d6d80000,0x00000000d8c80000)
  from space 5120K, 1% used [0x00000000d9180000,0x00000000d9190000,0x00000000d9680000)
  to   space 5120K, 0% used [0x00000000d8c80000,0x00000000d8c80000,0x00000000d9180000)
 ParOldGen       total 84992K, used 6502K [0x0000000084800000, 0x0000000089b00000, 0x00000000d6d80000)
  object space 84992K, 7% used [0x0000000084800000,0x0000000084e59998,0x0000000089b00000)
 Metaspace       used 13564K, capacity 13866K, committed 14080K, reserved 1060864K
  class space    used 1683K, capacity 1786K, committed 1792K, reserved 1048576K
}
Event: 3.346 GC heap before
{Heap before GC invocations=4 (full 2):
 PSYoungGen      total 36864K, used 64K [0x00000000d6d80000, 0x00000000d9680000, 0x0000000100000000)
  eden space 31744K, 0% used [0x00000000d6d80000,0x00000000d6d80000,0x00000000d8c80000)
  from space 5120K, 1% used [0x00000000d9180000,0x00000000d9190000,0x00000000d9680000)
  to   space 5120K, 0% used [0x00000000d8c80000,0x00000000d8c80000,0x00000000d9180000)
 ParOldGen       total 84992K, used 6502K [0x0000000084800000, 0x0000000089b00000, 0x00000000d6d80000)
  object space 84992K, 7% used [0x0000000084800000,0x0000000084e59998,0x0000000089b00000)
 Metaspace       used 13564K, capacity 13866K, committed 14080K, reserved 1060864K
  class space    used 1683K, capacity 1786K, committed 1792K, reserved 1048576K
Event: 3.365 GC heap after
Heap after GC invocations=4 (full 2):
 PSYoungGen      total 36864K, used 0K [0x00000000d6d80000, 0x00000000d9680000, 0x0000000100000000)
  eden space 31744K, 0% used [0x00000000d6d80000,0x00000000d6d80000,0x00000000d8c80000)
  from space 5120K, 0% used [0x00000000d9180000,0x00000000d9180000,0x00000000d9680000)
  to   space 5120K, 0% used [0x00000000d8c80000,0x00000000d8c80000,0x00000000d9180000)
 ParOldGen       total 84992K, used 6519K [0x0000000084800000, 0x0000000089b00000, 0x00000000d6d80000)
  object space 84992K, 7% used [0x0000000084800000,0x0000000084e5dec8,0x0000000089b00000)
 Metaspace       used 13564K, capacity 13866K, committed 14080K, reserved 1060864K
  class space    used 1683K, capacity 1786K, committed 1792K, reserved 1048576K
}
Event: 22.621 GC heap before
{Heap before GC invocations=5 (full 2):
 PSYoungGen      total 36864K, used 31744K [0x00000000d6d80000, 0x00000000d9680000, 0x0000000100000000)
  eden space 31744K, 100% used [0x00000000d6d80000,0x00000000d8c80000,0x00000000d8c80000)
  from space 5120K, 0% used [0x00000000d9180000,0x00000000d9180000,0x00000000d9680000)
  to   space 5120K, 0% used [0x00000000d8c80000,0x00000000d8c80000,0x00000000d9180000)
 ParOldGen       total 84992K, used 6519K [0x0000000084800000, 0x0000000089b00000, 0x00000000d6d80000)
  object space 84992K, 7% used [0x0000000084800000,0x0000000084e5dec8,0x0000000089b00000)
 Metaspace       used 19070K, capacity 19341K, committed 19584K, reserved 1067008K
  class space    used 2092K, capacity 2170K, committed 2176K, reserved 1048576K
Event: 22.631 GC heap after
Heap after GC invocations=5 (full 2):
 PSYoungGen      total 36864K, used 4631K [0x00000000d6d80000, 0x00000000d9680000, 0x0000000100000000)
  eden space 31744K, 0% used [0x00000000d6d80000,0x00000000d6d80000,0x00000000d8c80000)
  from space 5120K, 90% used [0x00000000d8c80000,0x00000000d9105d78,0x00000000d9180000)
  to   space 5120K, 0% used [0x00000000d9180000,0x00000000d9180000,0x00000000d9680000)
 ParOldGen       total 84992K, used 6527K [0x0000000084800000, 0x0000000089b00000, 0x00000000d6d80000)
  object space 84992K, 7% used [0x0000000084800000,0x0000000084e5fec8,0x0000000089b00000)
 Metaspace       used 19070K, capacity 19341K, committed 19584K, reserved 1067008K
  class space    used 2092K, capacity 2170K, committed 2176K, reserved 1048576K
}

Deoptimization events (10 events):
Event: 32.318 Thread 0x000002446e56b800 Uncommon trap: reason=class_check action=maybe_recompile pc=0x0000024458f16240 method=com.jme3.light.LightList$1.compare(Ljava/lang/Object;Ljava/lang/Object;)I @ 2
Event: 32.318 Thread 0x000002446e56b800 Uncommon trap: reason=class_check action=maybe_recompile pc=0x0000024458f16240 method=com.jme3.light.LightList$1.compare(Ljava/lang/Object;Ljava/lang/Object;)I @ 2
Event: 32.318 Thread 0x000002446e56b800 Uncommon trap: reason=class_check action=maybe_recompile pc=0x0000024458f16240 method=com.jme3.light.LightList$1.compare(Ljava/lang/Object;Ljava/lang/Object;)I @ 2
Event: 32.318 Thread 0x000002446e56b800 Uncommon trap: reason=class_check action=maybe_recompile pc=0x0000024458f16240 method=com.jme3.light.LightList$1.compare(Ljava/lang/Object;Ljava/lang/Object;)I @ 2
Event: 32.318 Thread 0x000002446e56b800 Uncommon trap: reason=unstable_if action=reinterpret pc=0x0000024458ea84f0 method=com.jme3.material.Material.getSortId()I @ 5
Event: 32.318 Thread 0x000002446e56b800 Uncommon trap: reason=unstable_if action=reinterpret pc=0x0000024458ee8e90 method=com.jme3.util.ListSort.getRunLength([Ljava/lang/Object;IILjava/util/Comparator;)I @ 54
Event: 32.318 Thread 0x000002446e56b800 Uncommon trap: reason=unstable_if action=reinterpret pc=0x0000024458dd52d0 method=com.jme3.material.Material.getSortId()I @ 5
Event: 32.318 Thread 0x000002446e56b800 Uncommon trap: reason=unstable_if action=reinterpret pc=0x0000024458e058e0 method=com.jme3.material.Material.render(Lcom/jme3/scene/Geometry;Lcom/jme3/light/LightList;Lcom/jme3/renderer/RenderManager;)V @ 4
Event: 32.318 Thread 0x000002446e56b800 Uncommon trap: reason=unstable_if action=reinterpret pc=0x0000024458d85b94 method=java.util.ArrayList.isEmpty()Z @ 4
Event: 32.328 Thread 0x000002446e56b800 Uncommon trap: reason=unstable_if action=reinterpret pc=0x0000024458ec5428 method=com.jme3.util.ListSort.getRunLength([Ljava/lang/Object;IILjava/util/Comparator;)I @ 54

Classes redefined (0 events):
No events

Internal exceptions (10 events):
Event: 0.888 Thread 0x000002446e5ec800 Implicit null exception at 0x0000024458969cfb to 0x0000024458969d71
Event: 4.258 Thread 0x000002446e56b800 Exception <a 'java/security/PrivilegedActionException'> (0x00000000d791c950) thrown at [C:\cygwin64\tmp\openjdk-jdk8u-windows-x64-hotspot\workspace\build\src\hotspot\src\share\vm\prims\jvm.cpp, line 1502]
Event: 4.259 Thread 0x000002446e56b800 Exception <a 'java/security/PrivilegedActionException'> (0x00000000d791e4c0) thrown at [C:\cygwin64\tmp\openjdk-jdk8u-windows-x64-hotspot\workspace\build\src\hotspot\src\share\vm\prims\jvm.cpp, line 1502]
Event: 4.259 Thread 0x000002446e56b800 Exception <a 'java/security/PrivilegedActionException'> (0x00000000d791f5e0) thrown at [C:\cygwin64\tmp\openjdk-jdk8u-windows-x64-hotspot\workspace\build\src\hotspot\src\share\vm\prims\jvm.cpp, line 1502]
Event: 4.259 Thread 0x000002446e56b800 Exception <a 'java/security/PrivilegedActionException'> (0x00000000d7924700) thrown at [C:\cygwin64\tmp\openjdk-jdk8u-windows-x64-hotspot\workspace\build\src\hotspot\src\share\vm\prims\jvm.cpp, line 1502]
Event: 4.259 Thread 0x000002446e56b800 Exception <a 'java/security/PrivilegedActionException'> (0x00000000d7925358) thrown at [C:\cygwin64\tmp\openjdk-jdk8u-windows-x64-hotspot\workspace\build\src\hotspot\src\share\vm\prims\jvm.cpp, line 1502]
Event: 4.259 Thread 0x000002446e56b800 Exception <a 'java/security/PrivilegedActionException'> (0x00000000d7925f80) thrown at [C:\cygwin64\tmp\openjdk-jdk8u-windows-x64-hotspot\workspace\build\src\hotspot\src\share\vm\prims\jvm.cpp, line 1502]
Event: 32.284 Thread 0x000002446e56b800 Implicit null exception at 0x0000024458eaa821 to 0x0000024458eab285
Event: 32.318 Thread 0x000002446e56b800 Implicit null exception at 0x0000024458e01f1c to 0x0000024458e058bd
Event: 33.990 Thread 0x000002446e56b800 Exception <a 'java/lang/NullPointerException': > (0x00000000d7224f10) thrown at [C:\cygwin64\tmp\openjdk-jdk8u-windows-x64-hotspot\workspace\build\src\hotspot\src\share\vm\prims\jni.cpp, line 736]

Events (10 events):
Event: 32.318 Thread 0x000002446e56b800 DEOPT UNPACKING pc=0x0000024458715583 sp=0x000000d6c09fe908 mode 2
Event: 32.318 Thread 0x000002446e56b800 Uncommon trap: trap_request=0xffffff65 fr.pc=0x0000024458e058e0
Event: 32.318 Thread 0x000002446e56b800 DEOPT PACKING pc=0x0000024458e058e0 sp=0x000000d6c09feba0
Event: 32.318 Thread 0x000002446e56b800 DEOPT UNPACKING pc=0x0000024458715583 sp=0x000000d6c09feb08 mode 2
Event: 32.318 Thread 0x000002446e56b800 Uncommon trap: trap_request=0xffffff65 fr.pc=0x0000024458d85b94
Event: 32.318 Thread 0x000002446e56b800 DEOPT PACKING pc=0x0000024458d85b94 sp=0x000000d6c09fea60
Event: 32.318 Thread 0x000002446e56b800 DEOPT UNPACKING pc=0x0000024458715583 sp=0x000000d6c09fe9f8 mode 2
Event: 32.328 Thread 0x000002446e56b800 Uncommon trap: trap_request=0xffffff65 fr.pc=0x0000024458ec5428
Event: 32.328 Thread 0x000002446e56b800 DEOPT PACKING pc=0x0000024458ec5428 sp=0x000000d6c09fec60
Event: 32.328 Thread 0x000002446e56b800 DEOPT UNPACKING pc=0x0000024458715583 sp=0x000000d6c09feac8 mode 2


Dynamic libraries:
0x00007ff634c70000 - 0x00007ff634caa000 	D:\jmonkeyengine\jmonkeyplatform\jdk\bin\java.exe
0x00007fff7eba0000 - 0x00007fff7ed81000 	C:\WINDOWS\SYSTEM32\ntdll.dll
0x00007fff7e910000 - 0x00007fff7e9c1000 	C:\WINDOWS\System32\KERNEL32.DLL
0x00007fff7b1d0000 - 0x00007fff7b443000 	C:\WINDOWS\System32\KERNELBASE.dll
0x00007fff7de90000 - 0x00007fff7df31000 	C:\WINDOWS\System32\ADVAPI32.dll
0x00007fff7ddf0000 - 0x00007fff7de8e000 	C:\WINDOWS\System32\msvcrt.dll
0x00007fff7c210000 - 0x00007fff7c26b000 	C:\WINDOWS\System32\sechost.dll
0x00007fff7c300000 - 0x00007fff7c424000 	C:\WINDOWS\System32\RPCRT4.dll
0x00007fff7e6d0000 - 0x00007fff7e860000 	C:\WINDOWS\System32\USER32.dll
0x00007fff7bd00000 - 0x00007fff7bd20000 	C:\WINDOWS\System32\win32u.dll
0x00007fff7c490000 - 0x00007fff7c4b8000 	C:\WINDOWS\System32\GDI32.dll
0x00007fff7b030000 - 0x00007fff7b1c1000 	C:\WINDOWS\System32\gdi32full.dll
0x00007fff7b450000 - 0x00007fff7b4ef000 	C:\WINDOWS\System32\msvcp_win.dll
0x00007fff7bc00000 - 0x00007fff7bcf8000 	C:\WINDOWS\System32\ucrtbase.dll
0x00007fff6e9b0000 - 0x00007fff6ec19000 	C:\WINDOWS\WinSxS\amd64_microsoft.windows.common-controls_6595b64144ccf1df_6.0.17134.1006_none_d3fbb8f77c940c3f\COMCTL32.dll
0x00007fff7df50000 - 0x00007fff7e271000 	C:\WINDOWS\System32\combase.dll
0x00007fff7afb0000 - 0x00007fff7b029000 	C:\WINDOWS\System32\bcryptPrimitives.dll
0x00007fff7c730000 - 0x00007fff7c75d000 	C:\WINDOWS\System32\IMM32.DLL
0x00007fff41660000 - 0x00007fff4174f000 	D:\jmonkeyengine\jmonkeyplatform\jdk\jre\bin\msvcr120.dll
0x00007fff64260000 - 0x00007fff64306000 	D:\jmonkeyengine\jmonkeyplatform\jdk\jre\bin\msvcp120.dll
0x000000005ae00000 - 0x000000005b5fb000 	D:\jmonkeyengine\jmonkeyplatform\jdk\jre\bin\server\jvm.dll
0x00007fff7c290000 - 0x00007fff7c298000 	C:\WINDOWS\System32\PSAPI.DLL
0x00007fff75470000 - 0x00007fff75479000 	C:\WINDOWS\SYSTEM32\WSOCK32.dll
0x00007fff78ce0000 - 0x00007fff78d03000 	C:\WINDOWS\SYSTEM32\WINMM.dll
0x00007fff7c890000 - 0x00007fff7c8fc000 	C:\WINDOWS\System32\WS2_32.dll
0x00007fff700a0000 - 0x00007fff700aa000 	C:\WINDOWS\SYSTEM32\VERSION.dll
0x00007fff78870000 - 0x00007fff7889a000 	C:\WINDOWS\SYSTEM32\winmmbase.dll
0x00007fff7af60000 - 0x00007fff7afa9000 	C:\WINDOWS\System32\cfgmgr32.dll
0x00007fff75460000 - 0x00007fff7546f000 	D:\jmonkeyengine\jmonkeyplatform\jdk\jre\bin\verify.dll
0x00007fff74aa0000 - 0x00007fff74ac8000 	D:\jmonkeyengine\jmonkeyplatform\jdk\jre\bin\java.dll
0x00007fff75430000 - 0x00007fff75446000 	D:\jmonkeyengine\jmonkeyplatform\jdk\jre\bin\zip.dll
0x00007fff7c9a0000 - 0x00007fff7dde2000 	C:\WINDOWS\System32\SHELL32.dll
0x00007fff7e860000 - 0x00007fff7e909000 	C:\WINDOWS\System32\shcore.dll
0x00007fff7b4f0000 - 0x00007fff7bbfe000 	C:\WINDOWS\System32\windows.storage.dll
0x00007fff7c2a0000 - 0x00007fff7c2f1000 	C:\WINDOWS\System32\shlwapi.dll
0x00007fff7af20000 - 0x00007fff7af31000 	C:\WINDOWS\System32\kernel.appcore.dll
0x00007fff7af00000 - 0x00007fff7af1f000 	C:\WINDOWS\System32\profapi.dll
0x00007fff7aeb0000 - 0x00007fff7aefc000 	C:\WINDOWS\System32\powrprof.dll
0x00007fff7aea0000 - 0x00007fff7aeaa000 	C:\WINDOWS\System32\FLTLIB.DLL
0x00007fff40cc0000 - 0x00007fff40e55000 	D:\jmonkeyengine\jmonkeyplatform\jdk\jre\bin\awt.dll
0x00007fff7c7c0000 - 0x00007fff7c882000 	C:\WINDOWS\System32\OLEAUT32.dll
0x00007fff78f40000 - 0x00007fff78fcb000 	C:\WINDOWS\SYSTEM32\apphelp.dll
0x00007fff791f0000 - 0x00007fff79288000 	C:\WINDOWS\system32\uxtheme.dll
0x00007fff7c4c0000 - 0x00007fff7c633000 	C:\WINDOWS\System32\MSCTF.dll
0x00007fff792d0000 - 0x00007fff792f9000 	C:\WINDOWS\system32\dwmapi.dll
0x00007fff7c020000 - 0x00007fff7c171000 	C:\WINDOWS\System32\ole32.dll
0x00007fff6f300000 - 0x00007fff6f420000 	C:\WINDOWS\system32\opengl32.dll
0x00007fff74430000 - 0x00007fff7445c000 	C:\WINDOWS\SYSTEM32\GLU32.dll
0x00007fff63190000 - 0x00007fff63223000 	D:\jmonkeyengine\jmonkeyplatform\jdk\jre\bin\freetype.dll
0x00007fff54db0000 - 0x00007fff54e6c000 	D:\jmonkeyengine\jmonkeyplatform\jdk\jre\bin\fontmanager.dll
0x00007fff74b30000 - 0x00007fff74b4a000 	D:\jmonkeyengine\jmonkeyplatform\jdk\jre\bin\net.dll
0x00007fff6ba50000 - 0x00007fff6bc1a000 	C:\WINDOWS\SYSTEM32\urlmon.dll
0x00007fff6cbe0000 - 0x00007fff6ce87000 	C:\WINDOWS\SYSTEM32\iertutil.dll
0x00007fff7a8d0000 - 0x00007fff7a8db000 	C:\WINDOWS\SYSTEM32\CRYPTBASE.DLL
0x00007fff7a700000 - 0x00007fff7a766000 	C:\WINDOWS\system32\mswsock.dll
0x00007fff74a60000 - 0x00007fff74a72000 	D:\jmonkeyengine\jmonkeyplatform\jdk\jre\bin\nio.dll
0x00007fff6a410000 - 0x00007fff6a4a6000 	C:\WINDOWS\System32\TextInputFramework.dll
0x00007fff78c00000 - 0x00007fff78cda000 	C:\WINDOWS\System32\CoreMessaging.dll
0x00007fff76180000 - 0x00007fff7649e000 	C:\WINDOWS\System32\CoreUIComponents.dll
0x00007fff76e20000 - 0x00007fff76f6d000 	C:\WINDOWS\SYSTEM32\wintypes.dll
0x00007fff79f40000 - 0x00007fff79f71000 	C:\WINDOWS\SYSTEM32\ntmarta.dll
0x00007fff3bb60000 - 0x00007fff3bd32000 	C:\Users\Jin\Desktop\222\a1\201447767_Arkanoid\Arkanoid\bulletjme.dll
0x0000000180000000 - 0x0000000180064000 	C:\Users\Jin\Desktop\222\a1\201447767_Arkanoid\Arkanoid\OpenAL64.dll
0x00000244717a0000 - 0x00000244717f3000 	C:\Users\Jin\Desktop\222\a1\201447767_Arkanoid\Arkanoid\lwjgl64.dll
0x0000000058070000 - 0x000000005a7b6000 	C:\WINDOWS\System32\DriverStore\FileRepository\nvlti.inf_amd64_5e9204584188e59f\nvoglv64.dll
0x00007fff7e280000 - 0x00007fff7e6cb000 	C:\WINDOWS\System32\SETUPAPI.dll
0x00007fff77800000 - 0x00007fff77813000 	C:\WINDOWS\SYSTEM32\WTSAPI32.dll
0x00007fff7ab00000 - 0x00007fff7ab27000 	C:\WINDOWS\SYSTEM32\DEVOBJ.dll
0x00007fff7bd20000 - 0x00007fff7bd77000 	C:\WINDOWS\System32\WINTRUST.dll
0x00007fff7af40000 - 0x00007fff7af52000 	C:\WINDOWS\System32\MSASN1.dll
0x00007fff7be30000 - 0x00007fff7c012000 	C:\WINDOWS\System32\CRYPT32.dll
0x00007fff50ea0000 - 0x00007fff5107c000 	C:\WINDOWS\system32\nvspcap64.dll
0x00007fff6e650000 - 0x00007fff6e72d000 	C:\WINDOWS\SYSTEM32\WINHTTP.dll
0x00007fff6dfb0000 - 0x00007fff6e4bc000 	C:\WINDOWS\system32\nvapi64.dll
0x00007fff6df00000 - 0x00007fff6dfa8000 	C:\WINDOWS\SYSTEM32\mscms.dll
0x00007fff79c10000 - 0x00007fff79ccb000 	C:\WINDOWS\SYSTEM32\dxgi.dll
0x00007fff7ada0000 - 0x00007fff7adc8000 	C:\WINDOWS\SYSTEM32\USERENV.dll
0x00007fff6def0000 - 0x00007fff6df00000 	C:\WINDOWS\SYSTEM32\ColorAdapterClient.dll
0x00007fff69fe0000 - 0x00007fff6a023000 	C:\WINDOWS\SYSTEM32\icm32.dll
0x00007fff79fe0000 - 0x00007fff7a036000 	C:\WINDOWS\SYSTEM32\WINSTA.dll
0x00007fff77de0000 - 0x00007fff780eb000 	C:\WINDOWS\system32\d3d11.dll
0x00007fff49300000 - 0x00007fff493ee000 	C:\WINDOWS\System32\DriverStore\FileRepository\nvlti.inf_amd64_5e9204584188e59f\nvldumdx.dll
0x00007fff7c270000 - 0x00007fff7c28d000 	C:\WINDOWS\System32\imagehlp.dll
0x00007fff7a8b0000 - 0x00007fff7a8c7000 	C:\WINDOWS\SYSTEM32\CRYPTSP.dll
0x00007fff7a2b0000 - 0x00007fff7a2e3000 	C:\WINDOWS\system32\rsaenh.dll
0x00007fff7a9e0000 - 0x00007fff7aa05000 	C:\WINDOWS\SYSTEM32\bcrypt.dll
0x00007fff303d0000 - 0x00007fff32983000 	C:\WINDOWS\System32\DriverStore\FileRepository\nvlti.inf_amd64_5e9204584188e59f\nvwgf2umx.dll
0x00007fff718e0000 - 0x00007fff72f07000 	C:\WINDOWS\System32\DriverStore\FileRepository\igdlh64.inf_amd64_dd5d08598ac3d75d\igd10iumd64.dll
0x00007fff7a9b0000 - 0x00007fff7a9d6000 	C:\WINDOWS\SYSTEM32\ncrypt.dll
0x00007fff7a970000 - 0x00007fff7a9a6000 	C:\WINDOWS\SYSTEM32\NTASN1.dll
0x00007fff4d070000 - 0x00007fff4ee10000 	C:\WINDOWS\System32\DriverStore\FileRepository\igdlh64.inf_amd64_dd5d08598ac3d75d\igc64.dll
0x00007fff7c900000 - 0x00007fff7c9a0000 	C:\WINDOWS\System32\clbcatq.dll
0x00007fff6f7a0000 - 0x00007fff6f816000 	C:\WINDOWS\System32\MMDevApi.dll
0x00007fff77610000 - 0x00007fff777c5000 	C:\WINDOWS\System32\PROPSYS.dll
0x00007fff62bc0000 - 0x00007fff62c4f000 	C:\WINDOWS\SYSTEM32\dsound.dll
0x00007fff6fa10000 - 0x00007fff6fb3c000 	C:\WINDOWS\SYSTEM32\AUDIOSES.DLL
0x00007fff76660000 - 0x00007fff7666a000 	C:\WINDOWS\SYSTEM32\AVRT.dll
0x00007fff6ce90000 - 0x00007fff6ceba000 	D:\jmonkeyengine\jmonkeyplatform\jdk\jre\bin\jpeg.dll
0x00007fff79980000 - 0x00007fff79b49000 	C:\WINDOWS\SYSTEM32\dbghelp.dll

VM Arguments:
jvm_args: -Dfile.encoding=UTF-8 -Dfile.encoding=UTF-8 
java_command: mygame.Arkanoid
java_class_path (initial): D:\jmonkeyengine\jmonkeyplatform\jmonkeyplatform\libs\jme3-jogg-3.2.4-stable.jar;D:\jmonkeyengine\jmonkeyplatform\jmonkeyplatform\libs\j-ogg-all-1.0.0.jar;D:\jmonkeyengine\jmonkeyplatform\jmonkeyplatform\libs\jme3-networking-3.2.4-stable.jar;D:\jmonkeyengine\jmonkeyplatform\jmonkeyplatform\libs\jme3-plugins-3.2.4-stable.jar;D:\jmonkeyengine\jmonkeyplatform\jmonkeyplatform\libs\gson-2.8.1.jar;D:\jmonkeyengine\jmonkeyplatform\jmonkeyplatform\libs\jme3-core-3.2.4-stable.jar;D:\jmonkeyengine\jmonkeyplatform\jmonkeyplatform\libs\jme3-desktop-3.2.4-stable.jar;D:\jmonkeyengine\jmonkeyplatform\jmonkeyplatform\libs\jme3-lwjgl-3.2.4-stable.jar;D:\jmonkeyengine\jmonkeyplatform\jmonkeyplatform\libs\lwjgl-2.9.3.jar;D:\jmonkeyengine\jmonkeyplatform\jmonkeyplatform\libs\jinput-2.0.5.jar;D:\jmonkeyengine\jmonkeyplatform\jmonkeyplatform\libs\jinput-platform-2.0.5-natives-linux.jar;D:\jmonkeyengine\jmonkeyplatform\jmonkeyplatform\libs\jinput-platform-2.0.5-natives-windows.jar;D:\jmonkeyengine\jmonkeyplatform\jmonkeyplatform\libs\jinput-platform-2.0.5-natives-osx.jar;D:\jmonkeyengine\jmonkeyplatform\jmonkeyplatform\libs\jutils-1.0.0.jar;D:\jmonkeyengine\jmonkeyplatform\jmonkeyplatform\libs\lwjgl-platform-2.9.3-natives-windows.jar;D:\jmonkeyengine\jmonkeyplatform\jmonkeyplatform\libs\lwjgl-platform-2.9.3-natives-linux.jar;D:\jmonkeyengine\jmonkeyplatform\jmonkeyplatform\libs\lwjgl-platform-2.9.3-natives-osx.jar;D:\jmonkeyengine\jmonkeyplatform\jmonkeyplatform\libs\jme3-effects-3.2.4-stable.jar;D:\jmonkeyengine\jmonkeyplatform\jmonkeyplatform\libs\jme3-terrain-3.2.4-stable.jar;D:\jmonkeyengine\jmonkeyplatform\jmonkeyplatform\libs\jme3-bullet-3.2.4-stable.jar;D:\jmonkeyengine\jmonkeyplatform\jmonkeyplatform\libs\jme3-bullet-native-3.2.4-stable.jar;D:\jmonkeyengine\jmonkeyplatform\jmonkeyplatform\libs\jme3-testdata.jar;C:\Users\Jin\Desktop\222\a1\201447767_Arkanoid\Arkanoid\build\classes;C:\Users\Jin\Desktop\222\a1\201447767_Arkanoid\Arkanoid\assets
Launcher Type: SUN_STANDARD

Environment Variables:
JAVA_HOME=C:\Program Files\Java\jdk1.8.0_181
JAVA_TOOL_OPTIONS=-Dfile.encoding=UTF-8
CLASSPATH=.;c:\program files\java\jdk1.8.0_181\bin\lib;c:\junit4.12;c:\junit4.12\junit-4.12.jar;c:\JUNIT4.12\hamcrest-core-1.3.jar;
PATH=C:\Program Files (x86)\Common Files\Oracle\Java\javapath;C:\Program Files (x86)\Intel\iCLS Client\;C:\Program Files\Intel\iCLS Client\;C:\Windows\system32;C:\Windows;C:\Windows\System32\Wbem;C:\Windows\System32\WindowsPowerShell\v1.0\;C:\Program Files (x86)\NVIDIA Corporation\PhysX\Common;C:\WINDOWS\system32;C:\WINDOWS;C:\WINDOWS\System32\Wbem;C:\WINDOWS\System32\WindowsPowerShell\v1.0\;C:\Program Files (x86)\Intel\Intel(R) Management Engine Components\DAL;C:\Program Files\Intel\Intel(R) Management Engine Components\DAL;C:\Program Files (x86)\Intel\Intel(R) Management Engine Components\IPT;C:\Program Files\Intel\Intel(R) Management Engine Components\IPT;C:\WINDOWS\System32\OpenSSH\;";C:\Program Files\Java\jdk1.8.0_181\bin;C:\Program Files\Java\jdk1.8.0_181\jre\bin";C:\Program Files\Java\jdk1.8.0_181\bin;C:\Program Files\Java\antjunit\apache-ant-1.10.5\bin;C:\JUNIT4.12\junit-4.12.jar;C:\Users\Jin\AppData\Local\Microsoft\WindowsApps;C:\Users\Jin\AppData\Roaming\Dashlane\6.1839.0.13410\bin\Firefox_Extension\{442718d9-475e-452a-b3e1-fb1ee16b8e9f}\components;C:\Users\Jin\AppData\Roaming\Dashlane\6.1839.0.13410\ucrt;C:\Users\Jin\AppData\Roaming\Dashlane\6.1839.0.13410\bin\Qt;C:\Users\Jin\AppData\Roaming\Dashlane\6.1839.0.13410\ucrt;C:\Users\Jin\AppData\Roaming\Dashlane\6.1839.0.13410\bin\Ssl;D:\visual studio code\Microsoft VS Code\bin
USERNAME=Bran.Kim
OS=Windows_NT
PROCESSOR_IDENTIFIER=Intel64 Family 6 Model 158 Stepping 9, GenuineIntel



---------------  S Y S T E M  ---------------

OS: Windows 10.0 , 64 bit Build 17134 (10.0.17134.753)

CPU:total 4 (initial active 4) (4 cores per cpu, 1 threads per core) family 6 model 158 stepping 9, cmov, cx8, fxsr, mmx, sse, sse2, sse3, ssse3, sse4.1, sse4.2, popcnt, avx, avx2, aes, clmul, erms, 3dnowpref, lzcnt, tsc, tscinvbit, bmi1, bmi2, adx

Memory: 4k page, physical 8088216k(4078308k free), swap 8612504k(1426596k free)

vm_info: OpenJDK 64-Bit Server VM (25.212-b04) for windows-amd64 JRE (1.8.0_212-b04), built on Jun  3 2019 21:11:11 by "jenkins" with MS VC++ 12.0 (VS2013)

time: Thu Mar 26 22:32:20 2020
timezone: GMT 标准时间
elapsed time: 34 seconds (0d 0h 0m 34s)

