#
# A fatal error has been detected by the Java Runtime Environment:
#
#  EXCEPTION_ACCESS_VIOLATION (0xc0000005) at pc=0x00000195a338aec0, pid=3372, tid=0x0000000000001940
#
# JRE version: OpenJDK Runtime Environment (8.0_212-b04) (build 1.8.0_212-b04)
# Java VM: OpenJDK 64-Bit Server VM (25.212-b04 mixed mode windows-amd64 compressed oops)
# Problematic frame:
# v  ~BufferBlob::jni_fast_GetFloatField
#
# Failed to write core dump. Minidumps are not enabled by default on client versions of Windows
#
# If you would like to submit a bug report, please visit:
#   
# The crash happened outside the Java Virtual Machine in native code.
# See problematic frame for where to report the bug.
#

---------------  T H R E A D  ---------------

Current thread (0x00000195b9b20800):  JavaThread "jME3 Main" [_thread_in_native, id=6464, stack(0x00000050f2500000,0x00000050f2600000)]

siginfo: ExceptionCode=0xc0000005, reading address 0x0000000000000000

Registers:
RAX=0x00000000686f4680, RBX=0x00000195ca4dd438, RCX=0x00000195b9b209e0, RDX=0x0000000000000000
RSP=0x00000050f25fee18, RBP=0x00000050f25fef40, RSI=0x00000000d8e51818, RDI=0x00000195cbd07d60
R8 =0x0000000000000032, R9 =0x0000000000000000, R10=0x0000000000000030, R11=0x00000050f25fedc0
R12=0x0000000000000000, R13=0x00000050f25fefc8, R14=0x0000000000000000, R15=0x00000195b9b20800
RIP=0x00000195a338aec0, EFLAGS=0x0000000000010246

Top of Stack: (sp=0x00000050f25fee18)
0x00000050f25fee18:   00007fffabdd36a0 00007fffabe5f76a
0x00000050f25fee28:   00000000680574df 00000195b8bbaf20
0x00000050f25fee38:   0000000100061828 00000050f25fee80
0x00000050f25fee48:   00007fffabdd16e3 00000195b9b209e0
0x00000050f25fee58:   0000000000000000 0000000000000032
0x00000050f25fee68:   0000005000000000 00000050f25ff018
0x00000050f25fee78:   00000050f25fefc8 00000050f25fefc8
0x00000050f25fee88:   00007fffabdcea26 00000195b9b209e0
0x00000050f25fee98:   0000000000000000 00000050f25feec0
0x00000050f25feea8:   00000050f25fefc8 00000195b9493ef0
0x00000050f25feeb8:   0000000068076b42 00000050f25ff850
0x00000050f25feec8:   0000000000000000 00000195b9b20800
0x00000050f25feed8:   00000195a3ad83ec 00000195b9b209e0
0x00000050f25feee8:   00000050f25fef00 00000195b9493ef0
0x00000050f25feef8:   0000000000000000 00000000d8e51818
0x00000050f25fef08:   0000000100061828 0000000000000000 

Instructions: (pc=0x00000195a338aec0)
0x00000195a338aea0:   49 ba 34 8c 75 68 00 00 00 00 45 8b 12 4c 8b ca
0x00000195a338aeb0:   41 f6 c2 01 0f 85 35 00 00 00 4d 33 ca 4d 33 ca
0x00000195a338aec0:   4d 8b 09 4d 8b d8 49 c1 eb 02 c4 81 7a 10 04 19
0x00000195a338aed0:   49 bb 34 8c 75 68 00 00 00 00 c4 e1 f9 7e c0 4c 


Register to memory mapping:

RAX=0x00000000686f4680 is an unknown value
RBX={method} {0x00000195ca4dd440} 'setLinearVelocity' '(Lcom/jme3/math/Vector3f;)V' in 'com/jme3/bullet/objects/PhysicsRigidBody'
RCX=0x00000195b9b209e0 is an unknown value
RDX=0x0000000000000000 is an unknown value
RSP=0x00000050f25fee18 is pointing into the stack for thread: 0x00000195b9b20800
RBP=0x00000050f25fef40 is pointing into the stack for thread: 0x00000195b9b20800
RSI=0x00000000d8e51818 is an oop
com.jme3.bullet.control.RigidBodyControl 
 - klass: 'com/jme3/bullet/control/RigidBodyControl'
RDI=0x00000195cbd07d60 is pointing into metadata
R8 =0x0000000000000032 is an unknown value
R9 =0x0000000000000000 is an unknown value
R10=0x0000000000000030 is an unknown value
R11=0x00000050f25fedc0 is pointing into the stack for thread: 0x00000195b9b20800
R12=0x0000000000000000 is an unknown value
R13=0x00000050f25fefc8 is pointing into the stack for thread: 0x00000195b9b20800
R14=0x0000000000000000 is an unknown value
R15=0x00000195b9b20800 is a thread


Stack: [0x00000050f2500000,0x00000050f2600000],  sp=0x00000050f25fee18,  free space=1019k
Native frames: (J=compiled Java code, j=interpreted, Vv=VM code, C=native code)
C  0x00000195a338aec0

Java frames: (J=compiled Java code, j=interpreted, Vv=VM code)
J 2535  com.jme3.bullet.objects.PhysicsRigidBody.setLinearVelocity(JLcom/jme3/math/Vector3f;)V (0 bytes) @ 0x00000195a3ad834f [0x00000195a3ad8300+0x4f]
J 2534 C1 com.jme3.bullet.objects.PhysicsRigidBody.setLinearVelocity(Lcom/jme3/math/Vector3f;)V (14 bytes) @ 0x00000195a3ad7a0c [0x00000195a3ad7980+0x8c]
j  mygame.AiArkanoid.resumeGame()V+15
j  mygame.AiArkanoid$1.onAnalog(Ljava/lang/String;FF)V+270
j  com.jme3.input.InputManager.invokeAnalogs(IFZ)V+120
J 2706 C1 com.jme3.input.InputManager.invokeUpdateActions()V (143 bytes) @ 0x00000195a3b67c9c [0x00000195a3b67160+0xb3c]
J 2701 C1 com.jme3.input.InputManager.update(F)V (123 bytes) @ 0x00000195a3b6dcbc [0x00000195a3b6d780+0x53c]
J 2698 C1 com.jme3.app.LegacyApplication.update()V (137 bytes) @ 0x00000195a3b65974 [0x00000195a3b64c00+0xd74]
J 2636 C1 com.jme3.app.SimpleApplication.update()V (235 bytes) @ 0x00000195a3b3c16c [0x00000195a3b3bfe0+0x18c]
J 2635 C1 com.jme3.system.lwjgl.LwjglAbstractDisplay.runLoop()V (141 bytes) @ 0x00000195a3b2c40c [0x00000195a3b2c1a0+0x26c]
J 2632 C1 com.jme3.system.lwjgl.LwjglDisplay.runLoop()V (108 bytes) @ 0x00000195a3b3a10c [0x00000195a3b37740+0x29cc]
j  com.jme3.system.lwjgl.LwjglAbstractDisplay.run()V+136
j  java.lang.Thread.run()V+11
v  ~StubRoutines::call_stub

---------------  P R O C E S S  ---------------

Java Threads: ( => current thread )
  0x00000195ba5ba800 JavaThread "jME3 Audio Decoder" daemon [_thread_blocked, id=3068, stack(0x00000050f2e00000,0x00000050f2f00000)]
  0x00000195a1670000 JavaThread "DestroyJavaVM" [_thread_blocked, id=11024, stack(0x00000050f1000000,0x00000050f1100000)]
=>0x00000195b9b20800 JavaThread "jME3 Main" [_thread_in_native, id=6464, stack(0x00000050f2500000,0x00000050f2600000)]
  0x00000195b9088800 JavaThread "TimerQueue" daemon [_thread_blocked, id=14040, stack(0x00000050f2400000,0x00000050f2500000)]
  0x00000195b8e41800 JavaThread "AWT-Windows" daemon [_thread_in_native, id=12132, stack(0x00000050f2100000,0x00000050f2200000)]
  0x00000195b8e3a000 JavaThread "Java2D Disposer" daemon [_thread_blocked, id=10632, stack(0x00000050f1f00000,0x00000050f2000000)]
  0x00000195b7f47800 JavaThread "Service Thread" daemon [_thread_blocked, id=12736, stack(0x00000050f1d00000,0x00000050f1e00000)]
  0x00000195b7ebd800 JavaThread "C1 CompilerThread2" daemon [_thread_blocked, id=7944, stack(0x00000050f1c00000,0x00000050f1d00000)]
  0x00000195b7eb9000 JavaThread "C2 CompilerThread1" daemon [_thread_blocked, id=8368, stack(0x00000050f1b00000,0x00000050f1c00000)]
  0x00000195b7e5c000 JavaThread "C2 CompilerThread0" daemon [_thread_blocked, id=15016, stack(0x00000050f1a00000,0x00000050f1b00000)]
  0x00000195b7e5a800 JavaThread "Attach Listener" daemon [_thread_blocked, id=13272, stack(0x00000050f1900000,0x00000050f1a00000)]
  0x00000195b7eb1000 JavaThread "Signal Dispatcher" daemon [_thread_blocked, id=5056, stack(0x00000050f1800000,0x00000050f1900000)]
  0x00000195b7e2c800 JavaThread "Finalizer" daemon [_thread_blocked, id=2456, stack(0x00000050f1700000,0x00000050f1800000)]
  0x00000195b7e26800 JavaThread "Reference Handler" daemon [_thread_blocked, id=10196, stack(0x00000050f1600000,0x00000050f1700000)]

Other Threads:
  0x00000195b7e02000 VMThread [stack: 0x00000050f1500000,0x00000050f1600000] [id=3548]
  0x00000195b7f4b800 WatcherThread [stack: 0x00000050f1e00000,0x00000050f1f00000] [id=2084]

VM state:not at safepoint (normal execution)

VM Mutex/Monitor currently owned by a thread: None

heap address: 0x0000000084800000, size: 1976 MB, Compressed Oops mode: 32-bit
Narrow klass base: 0x0000000000000000, Narrow klass shift: 3
Compressed class space size: 1073741824 Address: 0x0000000100000000

Heap:
 PSYoungGen      total 36864K, used 29180K [0x00000000d6d80000, 0x00000000d9680000, 0x0000000100000000)
  eden space 31744K, 75% used [0x00000000d6d80000,0x00000000d8502a98,0x00000000d8c80000)
  from space 5120K, 99% used [0x00000000d8c80000,0x00000000d917c8f0,0x00000000d9180000)
  to   space 5120K, 0% used [0x00000000d9180000,0x00000000d9180000,0x00000000d9680000)
 ParOldGen       total 84992K, used 6874K [0x0000000084800000, 0x0000000089b00000, 0x00000000d6d80000)
  object space 84992K, 8% used [0x0000000084800000,0x0000000084eb6b40,0x0000000089b00000)
 Metaspace       used 19117K, capacity 19345K, committed 19584K, reserved 1067008K
  class space    used 2086K, capacity 2170K, committed 2176K, reserved 1048576K

Card table byte_map: [0x00000195b26e0000,0x00000195b2ac0000] byte_map_base: 0x00000195b22bc000

Marking Bits: (ParMarkBitMap*) 0x0000000068761f50
 Begin Bits: [0x00000195b2d60000, 0x00000195b4c40000)
 End Bits:   [0x00000195b4c40000, 0x00000195b6b20000)

Polling page: 0x00000195a1570000

CodeCache: size=245760Kb used=9028Kb max_used=9038Kb free=236731Kb
 bounds [0x00000195a3320000, 0x00000195a3c00000, 0x00000195b2320000]
 total_blobs=3499 nmethods=2844 adapters=568
 compilation: enabled

Compilation events (10 events):
Event: 12.914 Thread 0x00000195b7ebd800 2840       1       com.jme3.renderer.queue.GuiComparator::setCamera (1 bytes)
Event: 12.914 Thread 0x00000195b7ebd800 nmethod 2840 0x00000195a3bee050 code [0x00000195a3bee1a0, 0x00000195a3bee2b8]
Event: 12.919 Thread 0x00000195b7ebd800 2841       1       mygame.AiArkanoid::simpleRender (1 bytes)
Event: 12.919 Thread 0x00000195b7ebd800 nmethod 2841 0x00000195a3bedd90 code [0x00000195a3bedee0, 0x00000195a3bedff8]
Event: 12.919 Thread 0x00000195b7ebd800 2842       1       com.jme3.app.state.BaseAppState::postRender (1 bytes)
Event: 12.919 Thread 0x00000195b7ebd800 nmethod 2842 0x00000195a3bedad0 code [0x00000195a3bedc20, 0x00000195a3bedd38]
Event: 13.022 Thread 0x00000195b7eb9000 2843       4       java.util.ArrayList::grow (45 bytes)
Event: 13.025 Thread 0x00000195b7eb9000 nmethod 2843 0x00000195a3bfa190 code [0x00000195a3bfa2e0, 0x00000195a3bfa538]
Event: 13.204 Thread 0x00000195b7ebd800 2844       3       com.jme3.renderer.Statistics::clearFrame (62 bytes)
Event: 13.205 Thread 0x00000195b7ebd800 nmethod 2844 0x00000195a3bea5d0 code [0x00000195a3bea760, 0x00000195a3beab30]

GC Heap History (10 events):
Event: 2.069 GC heap before
{Heap before GC invocations=1 (full 0):
 PSYoungGen      total 36864K, used 25184K [0x00000000d6d80000, 0x00000000d9680000, 0x0000000100000000)
  eden space 31744K, 79% used [0x00000000d6d80000,0x00000000d8618260,0x00000000d8c80000)
  from space 5120K, 0% used [0x00000000d9180000,0x00000000d9180000,0x00000000d9680000)
  to   space 5120K, 0% used [0x00000000d8c80000,0x00000000d8c80000,0x00000000d9180000)
 ParOldGen       total 84992K, used 0K [0x0000000084800000, 0x0000000089b00000, 0x00000000d6d80000)
  object space 84992K, 0% used [0x0000000084800000,0x0000000084800000,0x0000000089b00000)
 Metaspace       used 13547K, capacity 13806K, committed 14080K, reserved 1060864K
  class space    used 1683K, capacity 1786K, committed 1792K, reserved 1048576K
Event: 2.077 GC heap after
Heap after GC invocations=1 (full 0):
 PSYoungGen      total 36864K, used 5116K [0x00000000d6d80000, 0x00000000d9680000, 0x0000000100000000)
  eden space 31744K, 0% used [0x00000000d6d80000,0x00000000d6d80000,0x00000000d8c80000)
  from space 5120K, 99% used [0x00000000d8c80000,0x00000000d917f050,0x00000000d9180000)
  to   space 5120K, 0% used [0x00000000d9180000,0x00000000d9180000,0x00000000d9680000)
 ParOldGen       total 84992K, used 1478K [0x0000000084800000, 0x0000000089b00000, 0x00000000d6d80000)
  object space 84992K, 1% used [0x0000000084800000,0x00000000849719c0,0x0000000089b00000)
 Metaspace       used 13547K, capacity 13806K, committed 14080K, reserved 1060864K
  class space    used 1683K, capacity 1786K, committed 1792K, reserved 1048576K
}
Event: 2.077 GC heap before
{Heap before GC invocations=2 (full 1):
 PSYoungGen      total 36864K, used 5116K [0x00000000d6d80000, 0x00000000d9680000, 0x0000000100000000)
  eden space 31744K, 0% used [0x00000000d6d80000,0x00000000d6d80000,0x00000000d8c80000)
  from space 5120K, 99% used [0x00000000d8c80000,0x00000000d917f050,0x00000000d9180000)
  to   space 5120K, 0% used [0x00000000d9180000,0x00000000d9180000,0x00000000d9680000)
 ParOldGen       total 84992K, used 1478K [0x0000000084800000, 0x0000000089b00000, 0x00000000d6d80000)
  object space 84992K, 1% used [0x0000000084800000,0x00000000849719c0,0x0000000089b00000)
 Metaspace       used 13547K, capacity 13806K, committed 14080K, reserved 1060864K
  class space    used 1683K, capacity 1786K, committed 1792K, reserved 1048576K
Event: 2.097 GC heap after
Heap after GC invocations=2 (full 1):
 PSYoungGen      total 36864K, used 0K [0x00000000d6d80000, 0x00000000d9680000, 0x0000000100000000)
  eden space 31744K, 0% used [0x00000000d6d80000,0x00000000d6d80000,0x00000000d8c80000)
  from space 5120K, 0% used [0x00000000d8c80000,0x00000000d8c80000,0x00000000d9180000)
  to   space 5120K, 0% used [0x00000000d9180000,0x00000000d9180000,0x00000000d9680000)
 ParOldGen       total 84992K, used 6516K [0x0000000084800000, 0x0000000089b00000, 0x00000000d6d80000)
  object space 84992K, 7% used [0x0000000084800000,0x0000000084e5d328,0x0000000089b00000)
 Metaspace       used 13547K, capacity 13806K, committed 14080K, reserved 1060864K
  class space    used 1683K, capacity 1786K, committed 1792K, reserved 1048576K
}
Event: 2.098 GC heap before
{Heap before GC invocations=3 (full 1):
 PSYoungGen      total 36864K, used 1269K [0x00000000d6d80000, 0x00000000d9680000, 0x0000000100000000)
  eden space 31744K, 4% used [0x00000000d6d80000,0x00000000d6ebd788,0x00000000d8c80000)
  from space 5120K, 0% used [0x00000000d8c80000,0x00000000d8c80000,0x00000000d9180000)
  to   space 5120K, 0% used [0x00000000d9180000,0x00000000d9180000,0x00000000d9680000)
 ParOldGen       total 84992K, used 6516K [0x0000000084800000, 0x0000000089b00000, 0x00000000d6d80000)
  object space 84992K, 7% used [0x0000000084800000,0x0000000084e5d328,0x0000000089b00000)
 Metaspace       used 13547K, capacity 13806K, committed 14080K, reserved 1060864K
  class space    used 1683K, capacity 1786K, committed 1792K, reserved 1048576K
Event: 2.099 GC heap after
Heap after GC invocations=3 (full 1):
 PSYoungGen      total 36864K, used 96K [0x00000000d6d80000, 0x00000000d9680000, 0x0000000100000000)
  eden space 31744K, 0% used [0x00000000d6d80000,0x00000000d6d80000,0x00000000d8c80000)
  from space 5120K, 1% used [0x00000000d9180000,0x00000000d9198000,0x00000000d9680000)
  to   space 5120K, 0% used [0x00000000d8c80000,0x00000000d8c80000,0x00000000d9180000)
 ParOldGen       total 84992K, used 6516K [0x0000000084800000, 0x0000000089b00000, 0x00000000d6d80000)
  object space 84992K, 7% used [0x0000000084800000,0x0000000084e5d328,0x0000000089b00000)
 Metaspace       used 13547K, capacity 13806K, committed 14080K, reserved 1060864K
  class space    used 1683K, capacity 1786K, committed 1792K, reserved 1048576K
}
Event: 2.099 GC heap before
{Heap before GC invocations=4 (full 2):
 PSYoungGen      total 36864K, used 96K [0x00000000d6d80000, 0x00000000d9680000, 0x0000000100000000)
  eden space 31744K, 0% used [0x00000000d6d80000,0x00000000d6d80000,0x00000000d8c80000)
  from space 5120K, 1% used [0x00000000d9180000,0x00000000d9198000,0x00000000d9680000)
  to   space 5120K, 0% used [0x00000000d8c80000,0x00000000d8c80000,0x00000000d9180000)
 ParOldGen       total 84992K, used 6516K [0x0000000084800000, 0x0000000089b00000, 0x00000000d6d80000)
  object space 84992K, 7% used [0x0000000084800000,0x0000000084e5d328,0x0000000089b00000)
 Metaspace       used 13547K, capacity 13806K, committed 14080K, reserved 1060864K
  class space    used 1683K, capacity 1786K, committed 1792K, reserved 1048576K
Event: 2.126 GC heap after
Heap after GC invocations=4 (full 2):
 PSYoungGen      total 36864K, used 0K [0x00000000d6d80000, 0x00000000d9680000, 0x0000000100000000)
  eden space 31744K, 0% used [0x00000000d6d80000,0x00000000d6d80000,0x00000000d8c80000)
  from space 5120K, 0% used [0x00000000d9180000,0x00000000d9180000,0x00000000d9680000)
  to   space 5120K, 0% used [0x00000000d8c80000,0x00000000d8c80000,0x00000000d9180000)
 ParOldGen       total 84992K, used 6455K [0x0000000084800000, 0x0000000089b00000, 0x00000000d6d80000)
  object space 84992K, 7% used [0x0000000084800000,0x0000000084e4dea0,0x0000000089b00000)
 Metaspace       used 13547K, capacity 13806K, committed 14080K, reserved 1060864K
  class space    used 1683K, capacity 1786K, committed 1792K, reserved 1048576K
}
Event: 7.631 GC heap before
{Heap before GC invocations=5 (full 2):
 PSYoungGen      total 36864K, used 31744K [0x00000000d6d80000, 0x00000000d9680000, 0x0000000100000000)
  eden space 31744K, 100% used [0x00000000d6d80000,0x00000000d8c80000,0x00000000d8c80000)
  from space 5120K, 0% used [0x00000000d9180000,0x00000000d9180000,0x00000000d9680000)
  to   space 5120K, 0% used [0x00000000d8c80000,0x00000000d8c80000,0x00000000d9180000)
 ParOldGen       total 84992K, used 6455K [0x0000000084800000, 0x0000000089b00000, 0x00000000d6d80000)
  object space 84992K, 7% used [0x0000000084800000,0x0000000084e4dea0,0x0000000089b00000)
 Metaspace       used 19056K, capacity 19345K, committed 19584K, reserved 1067008K
  class space    used 2085K, capacity 2170K, committed 2176K, reserved 1048576K
Event: 7.641 GC heap after
Heap after GC invocations=5 (full 2):
 PSYoungGen      total 36864K, used 5106K [0x00000000d6d80000, 0x00000000d9680000, 0x0000000100000000)
  eden space 31744K, 0% used [0x00000000d6d80000,0x00000000d6d80000,0x00000000d8c80000)
  from space 5120K, 99% used [0x00000000d8c80000,0x00000000d917c8f0,0x00000000d9180000)
  to   space 5120K, 0% used [0x00000000d9180000,0x00000000d9180000,0x00000000d9680000)
 ParOldGen       total 84992K, used 6874K [0x0000000084800000, 0x0000000089b00000, 0x00000000d6d80000)
  object space 84992K, 8% used [0x0000000084800000,0x0000000084eb6b40,0x0000000089b00000)
 Metaspace       used 19056K, capacity 19345K, committed 19584K, reserved 1067008K
  class space    used 2085K, capacity 2170K, committed 2176K, reserved 1048576K
}

Deoptimization events (10 events):
Event: 3.319 Thread 0x00000195b9b20800 Uncommon trap: reason=bimorphic action=maybe_recompile pc=0x00000195a3855108 method=java.util.HashMap.putVal(ILjava/lang/Object;Ljava/lang/Object;ZZ)Ljava/lang/Object; @ 203
Event: 5.136 Thread 0x00000195b9b20800 Uncommon trap: reason=unstable_if action=reinterpret pc=0x00000195a3994d98 method=com.jme3.scene.Spatial.checkDoTransformUpdate()V @ 6
Event: 5.139 Thread 0x00000195b9b20800 Uncommon trap: reason=unstable_if action=reinterpret pc=0x00000195a3a192fc method=com.jme3.material.Material.render(Lcom/jme3/scene/Geometry;Lcom/jme3/light/LightList;Lcom/jme3/renderer/RenderManager;)V @ 4
Event: 5.139 Thread 0x00000195b9b20800 Uncommon trap: reason=unstable_if action=reinterpret pc=0x00000195a39a4054 method=java.util.ArrayList.isEmpty()Z @ 4
Event: 5.139 Thread 0x00000195b9b20800 Uncommon trap: reason=unstable_if action=reinterpret pc=0x00000195a3a11ccc method=com.jme3.math.ColorRGBA.equals(Ljava/lang/Object;)Z @ 48
Event: 5.140 Thread 0x00000195b9b20800 Uncommon trap: reason=unstable_if action=reinterpret pc=0x00000195a3a325a8 method=com.jme3.material.Material.render(Lcom/jme3/scene/Geometry;Lcom/jme3/light/LightList;Lcom/jme3/renderer/RenderManager;)V @ 4
Event: 7.646 Thread 0x00000195b9b20800 Uncommon trap: reason=unstable_if action=reinterpret pc=0x00000195a3ae5ebc method=java.nio.Bits.tryReserveMemory(JI)Z @ 29
Event: 8.469 Thread 0x00000195b9b20800 Uncommon trap: reason=unstable_if action=reinterpret pc=0x00000195a3b091bc method=com.jme3.util.ListSort.getRunLength([Ljava/lang/Object;IILjava/util/Comparator;)I @ 28
Event: 8.548 Thread 0x00000195b9b20800 Uncommon trap: reason=unstable_if action=reinterpret pc=0x00000195a3b25c40 method=com.jme3.font.LetterQuad.isLineFeed()Z @ 6
Event: 8.548 Thread 0x00000195b9b20800 Uncommon trap: reason=unstable_if action=reinterpret pc=0x00000195a3b12868 method=com.jme3.font.LetterQuad.update(Lcom/jme3/font/StringBlock;)V @ 219

Classes redefined (0 events):
No events

Internal exceptions (10 events):
Event: 3.069 Thread 0x00000195b9b20800 Exception <a 'java/security/PrivilegedActionException'> (0x00000000d787c068) thrown at [C:\cygwin64\tmp\openjdk-jdk8u-windows-x64-hotspot\workspace\build\src\hotspot\src\share\vm\prims\jvm.cpp, line 1502]
Event: 3.069 Thread 0x00000195b9b20800 Exception <a 'java/security/PrivilegedActionException'> (0x00000000d787dbd8) thrown at [C:\cygwin64\tmp\openjdk-jdk8u-windows-x64-hotspot\workspace\build\src\hotspot\src\share\vm\prims\jvm.cpp, line 1502]
Event: 3.069 Thread 0x00000195b9b20800 Exception <a 'java/security/PrivilegedActionException'> (0x00000000d787ecf8) thrown at [C:\cygwin64\tmp\openjdk-jdk8u-windows-x64-hotspot\workspace\build\src\hotspot\src\share\vm\prims\jvm.cpp, line 1502]
Event: 3.070 Thread 0x00000195b9b20800 Exception <a 'java/security/PrivilegedActionException'> (0x00000000d7883e18) thrown at [C:\cygwin64\tmp\openjdk-jdk8u-windows-x64-hotspot\workspace\build\src\hotspot\src\share\vm\prims\jvm.cpp, line 1502]
Event: 3.070 Thread 0x00000195b9b20800 Exception <a 'java/security/PrivilegedActionException'> (0x00000000d7884a70) thrown at [C:\cygwin64\tmp\openjdk-jdk8u-windows-x64-hotspot\workspace\build\src\hotspot\src\share\vm\prims\jvm.cpp, line 1502]
Event: 3.070 Thread 0x00000195b9b20800 Exception <a 'java/security/PrivilegedActionException'> (0x00000000d7885698) thrown at [C:\cygwin64\tmp\openjdk-jdk8u-windows-x64-hotspot\workspace\build\src\hotspot\src\share\vm\prims\jvm.cpp, line 1502]
Event: 5.139 Thread 0x00000195b9b20800 Implicit null exception at 0x00000195a3a15ad4 to 0x00000195a3a192e5
Event: 5.139 Thread 0x00000195b9b20800 Implicit null exception at 0x00000195a3a2fe27 to 0x00000195a3a32595
Event: 8.548 Thread 0x00000195b9b20800 Implicit null exception at 0x00000195a3b12591 to 0x00000195a3b12851
Event: 13.920 Thread 0x00000195b9b20800 Exception <a 'java/lang/NullPointerException': > (0x00000000d84fcf08) thrown at [C:\cygwin64\tmp\openjdk-jdk8u-windows-x64-hotspot\workspace\build\src\hotspot\src\share\vm\prims\jni.cpp, line 736]

Events (10 events):
Event: 8.548 Thread 0x00000195b9b20800 DEOPT UNPACKING pc=0x00000195a3365583 sp=0x00000050f25fefe8 mode 2
Event: 8.548 Thread 0x00000195b9b20800 Uncommon trap: trap_request=0xffffff65 fr.pc=0x00000195a3b12868
Event: 8.548 Thread 0x00000195b9b20800 DEOPT PACKING pc=0x00000195a3b12868 sp=0x00000050f25ff130
Event: 8.548 Thread 0x00000195b9b20800 DEOPT UNPACKING pc=0x00000195a3365583 sp=0x00000050f25ff0a8 mode 2
Event: 9.315 Thread 0x00000195b9b20800 DEOPT PACKING pc=0x00000195a3a07dcf sp=0x00000050f25ff160
Event: 9.315 Thread 0x00000195b9b20800 DEOPT UNPACKING pc=0x00000195a33675d8 sp=0x00000050f25fef20 mode 0
Event: 12.836 loading class com/jme3/input/event/MouseButtonEvent
Event: 12.836 loading class com/jme3/input/event/MouseButtonEvent done
Event: 13.204 Thread 0x00000195b9b20800 DEOPT PACKING pc=0x00000195a3ba6b17 sp=0x00000050f25ff250
Event: 13.204 Thread 0x00000195b9b20800 DEOPT UNPACKING pc=0x00000195a33675d8 sp=0x00000050f25fef20 mode 0


Dynamic libraries:
0x00007ff747380000 - 0x00007ff7473ba000 	D:\jmonkeyengine\jmonkeyplatform\jdk\bin\java.exe
0x00007fffe7aa0000 - 0x00007fffe7c81000 	C:\WINDOWS\SYSTEM32\ntdll.dll
0x00007fffe76e0000 - 0x00007fffe7791000 	C:\WINDOWS\System32\KERNEL32.DLL
0x00007fffe4800000 - 0x00007fffe4a73000 	C:\WINDOWS\System32\KERNELBASE.dll
0x00007fffe7350000 - 0x00007fffe73f1000 	C:\WINDOWS\System32\ADVAPI32.dll
0x00007fffe69c0000 - 0x00007fffe6a5e000 	C:\WINDOWS\System32\msvcrt.dll
0x00007fffe7410000 - 0x00007fffe746b000 	C:\WINDOWS\System32\sechost.dll
0x00007fffe4f20000 - 0x00007fffe5044000 	C:\WINDOWS\System32\RPCRT4.dll
0x00007fffe7190000 - 0x00007fffe7320000 	C:\WINDOWS\System32\USER32.dll
0x00007fffe3f00000 - 0x00007fffe3f20000 	C:\WINDOWS\System32\win32u.dll
0x00007fffe6b90000 - 0x00007fffe6bb8000 	C:\WINDOWS\System32\GDI32.dll
0x00007fffe4b30000 - 0x00007fffe4cc1000 	C:\WINDOWS\System32\gdi32full.dll
0x00007fffe3e60000 - 0x00007fffe3eff000 	C:\WINDOWS\System32\msvcp_win.dll
0x00007fffe3f20000 - 0x00007fffe4018000 	C:\WINDOWS\System32\ucrtbase.dll
0x00007fffd58f0000 - 0x00007fffd5b59000 	C:\WINDOWS\WinSxS\amd64_microsoft.windows.common-controls_6595b64144ccf1df_6.0.17134.1006_none_d3fbb8f77c940c3f\COMCTL32.dll
0x00007fffe6be0000 - 0x00007fffe6f01000 	C:\WINDOWS\System32\combase.dll
0x00007fffe4020000 - 0x00007fffe4099000 	C:\WINDOWS\System32\bcryptPrimitives.dll
0x00007fffe7320000 - 0x00007fffe734d000 	C:\WINDOWS\System32\IMM32.DLL
0x00007fffb23e0000 - 0x00007fffb24cf000 	D:\jmonkeyengine\jmonkeyplatform\jdk\jre\bin\msvcr120.dll
0x00007fffba890000 - 0x00007fffba936000 	D:\jmonkeyengine\jmonkeyplatform\jdk\jre\bin\msvcp120.dll
0x0000000067fe0000 - 0x00000000687db000 	D:\jmonkeyengine\jmonkeyplatform\jdk\jre\bin\server\jvm.dll
0x00007fffe7400000 - 0x00007fffe7408000 	C:\WINDOWS\System32\PSAPI.DLL
0x00007fffdacc0000 - 0x00007fffdacc9000 	C:\WINDOWS\SYSTEM32\WSOCK32.dll
0x00007fffdeec0000 - 0x00007fffdeeca000 	C:\WINDOWS\SYSTEM32\VERSION.dll
0x00007fffda9a0000 - 0x00007fffda9c3000 	C:\WINDOWS\SYSTEM32\WINMM.dll
0x00007fffe7510000 - 0x00007fffe757c000 	C:\WINDOWS\System32\WS2_32.dll
0x00007fffda790000 - 0x00007fffda7ba000 	C:\WINDOWS\SYSTEM32\WINMMBASE.dll
0x00007fffe47b0000 - 0x00007fffe47f9000 	C:\WINDOWS\System32\cfgmgr32.dll
0x00007fffdac00000 - 0x00007fffdac0f000 	D:\jmonkeyengine\jmonkeyplatform\jdk\jre\bin\verify.dll
0x00007fffc6d30000 - 0x00007fffc6d58000 	D:\jmonkeyengine\jmonkeyplatform\jdk\jre\bin\java.dll
0x00007fffd43d0000 - 0x00007fffd43e6000 	D:\jmonkeyengine\jmonkeyplatform\jdk\jre\bin\zip.dll
0x00007fffe5570000 - 0x00007fffe69b2000 	C:\WINDOWS\System32\SHELL32.dll
0x00007fffe79c0000 - 0x00007fffe7a69000 	C:\WINDOWS\System32\shcore.dll
0x00007fffe40a0000 - 0x00007fffe47ae000 	C:\WINDOWS\System32\windows.storage.dll
0x00007fffe50c0000 - 0x00007fffe5111000 	C:\WINDOWS\System32\shlwapi.dll
0x00007fffe3df0000 - 0x00007fffe3e01000 	C:\WINDOWS\System32\kernel.appcore.dll
0x00007fffe3e10000 - 0x00007fffe3e2f000 	C:\WINDOWS\System32\profapi.dll
0x00007fffe3da0000 - 0x00007fffe3dec000 	C:\WINDOWS\System32\powrprof.dll
0x00007fffe3e30000 - 0x00007fffe3e3a000 	C:\WINDOWS\System32\FLTLIB.DLL
0x00007fffaba90000 - 0x00007fffabc25000 	D:\jmonkeyengine\jmonkeyplatform\jdk\jre\bin\awt.dll
0x00007fffe6ac0000 - 0x00007fffe6b82000 	C:\WINDOWS\System32\OLEAUT32.dll
0x00007fffe1ed0000 - 0x00007fffe1f5b000 	C:\WINDOWS\SYSTEM32\apphelp.dll
0x00007fffe2100000 - 0x00007fffe2198000 	C:\WINDOWS\system32\uxtheme.dll
0x00007fffe7000000 - 0x00007fffe7173000 	C:\WINDOWS\System32\MSCTF.dll
0x00007fffe21d0000 - 0x00007fffe21f9000 	C:\WINDOWS\system32\dwmapi.dll
0x00007fffe7580000 - 0x00007fffe76d1000 	C:\WINDOWS\System32\ole32.dll
0x00007fffdad60000 - 0x00007fffdad85000 	F:\有道\Dict\8.9.2.0\WordStrokeHelper64.dll
0x00007fffc6610000 - 0x00007fffc6730000 	C:\WINDOWS\system32\opengl32.dll
0x00007fffd42b0000 - 0x00007fffd42dc000 	C:\WINDOWS\SYSTEM32\GLU32.dll
0x00007fffb8d70000 - 0x00007fffb8e03000 	D:\jmonkeyengine\jmonkeyplatform\jdk\jre\bin\freetype.dll
0x00007fffb7ef0000 - 0x00007fffb7fac000 	D:\jmonkeyengine\jmonkeyplatform\jdk\jre\bin\fontmanager.dll
0x00007fffd1020000 - 0x00007fffd103a000 	D:\jmonkeyengine\jmonkeyplatform\jdk\jre\bin\net.dll
0x00007fffd96a0000 - 0x00007fffd986a000 	C:\WINDOWS\SYSTEM32\urlmon.dll
0x00007fffd93f0000 - 0x00007fffd9697000 	C:\WINDOWS\SYSTEM32\iertutil.dll
0x00007fffe37d0000 - 0x00007fffe37db000 	C:\WINDOWS\SYSTEM32\CRYPTBASE.DLL
0x00007fffe3600000 - 0x00007fffe3666000 	C:\WINDOWS\system32\mswsock.dll
0x00007fffccc10000 - 0x00007fffccc22000 	D:\jmonkeyengine\jmonkeyplatform\jdk\jre\bin\nio.dll
0x00007fffc5d40000 - 0x00007fffc5dd6000 	C:\WINDOWS\System32\TextInputFramework.dll
0x00007fffd2a90000 - 0x00007fffd2dae000 	C:\WINDOWS\System32\CoreUIComponents.dll
0x00007fffe1c90000 - 0x00007fffe1d6a000 	C:\WINDOWS\System32\CoreMessaging.dll
0x00007fffe2e40000 - 0x00007fffe2e71000 	C:\WINDOWS\SYSTEM32\ntmarta.dll
0x00007fffdfe10000 - 0x00007fffdff5d000 	C:\WINDOWS\SYSTEM32\wintypes.dll
0x00007fffabcd0000 - 0x00007fffabea2000 	D:\jmonkeyengine\AIArkanoid\bulletjme.dll
0x0000000180000000 - 0x0000000180064000 	D:\jmonkeyengine\AIArkanoid\OpenAL64.dll
0x00000195bae10000 - 0x00000195bae63000 	D:\jmonkeyengine\AIArkanoid\lwjgl64.dll
0x00000000657b0000 - 0x0000000067ef6000 	C:\WINDOWS\System32\DriverStore\FileRepository\nvlti.inf_amd64_5e9204584188e59f\nvoglv64.dll
0x00007fffe5120000 - 0x00007fffe556b000 	C:\WINDOWS\System32\SETUPAPI.dll
0x00007fffdf2c0000 - 0x00007fffdf2d3000 	C:\WINDOWS\SYSTEM32\WTSAPI32.dll
0x00007fffe3a00000 - 0x00007fffe3a27000 	C:\WINDOWS\SYSTEM32\DEVOBJ.dll
0x00007fffe4cd0000 - 0x00007fffe4d27000 	C:\WINDOWS\System32\WINTRUST.dll
0x00007fffe3e40000 - 0x00007fffe3e52000 	C:\WINDOWS\System32\MSASN1.dll
0x00007fffe4d30000 - 0x00007fffe4f12000 	C:\WINDOWS\System32\CRYPT32.dll
0x00007fffcdfe0000 - 0x00007fffce1bc000 	C:\WINDOWS\system32\nvspcap64.dll
0x00007fffdda50000 - 0x00007fffddb2d000 	C:\WINDOWS\SYSTEM32\WINHTTP.dll
0x00007fffd0660000 - 0x00007fffd0b6c000 	C:\WINDOWS\system32\nvapi64.dll
0x00007fffe2b10000 - 0x00007fffe2bcb000 	C:\WINDOWS\SYSTEM32\dxgi.dll
0x00007fffce810000 - 0x00007fffce8b8000 	C:\WINDOWS\SYSTEM32\mscms.dll
0x00007fffe3ca0000 - 0x00007fffe3cc8000 	C:\WINDOWS\SYSTEM32\USERENV.dll
0x00007fffd0ea0000 - 0x00007fffd0eb0000 	C:\WINDOWS\SYSTEM32\ColorAdapterClient.dll
0x00007fffc6da0000 - 0x00007fffc6de3000 	C:\WINDOWS\SYSTEM32\icm32.dll
0x00007fffe2ee0000 - 0x00007fffe2f36000 	C:\WINDOWS\SYSTEM32\WINSTA.dll
0x00007fffe0ed0000 - 0x00007fffe11db000 	C:\WINDOWS\system32\d3d11.dll
0x00007fffb8030000 - 0x00007fffb811e000 	C:\WINDOWS\System32\DriverStore\FileRepository\nvlti.inf_amd64_5e9204584188e59f\nvldumdx.dll
0x00007fffe6bc0000 - 0x00007fffe6bdd000 	C:\WINDOWS\System32\imagehlp.dll
0x00007fffe37b0000 - 0x00007fffe37c7000 	C:\WINDOWS\SYSTEM32\CRYPTSP.dll
0x00007fffe31b0000 - 0x00007fffe31e3000 	C:\WINDOWS\system32\rsaenh.dll
0x00007fffe38e0000 - 0x00007fffe3905000 	C:\WINDOWS\SYSTEM32\bcrypt.dll
0x00007fff8d050000 - 0x00007fff8f603000 	C:\WINDOWS\System32\DriverStore\FileRepository\nvlti.inf_amd64_5e9204584188e59f\nvwgf2umx.dll
0x00007fffd11b0000 - 0x00007fffd27d7000 	C:\WINDOWS\System32\DriverStore\FileRepository\igdlh64.inf_amd64_dd5d08598ac3d75d\igd10iumd64.dll
0x00007fffe38b0000 - 0x00007fffe38d6000 	C:\WINDOWS\SYSTEM32\ncrypt.dll
0x00007fffe3870000 - 0x00007fffe38a6000 	C:\WINDOWS\SYSTEM32\NTASN1.dll
0x00007fffce8c0000 - 0x00007fffd0660000 	C:\WINDOWS\System32\DriverStore\FileRepository\igdlh64.inf_amd64_dd5d08598ac3d75d\igc64.dll
0x00007fffe7470000 - 0x00007fffe7510000 	C:\WINDOWS\System32\clbcatq.dll
0x00007fffdd9d0000 - 0x00007fffdda46000 	C:\WINDOWS\System32\MMDevApi.dll
0x00007fffe05d0000 - 0x00007fffe0785000 	C:\WINDOWS\System32\PROPSYS.dll
0x00007fffc3600000 - 0x00007fffc368f000 	C:\WINDOWS\SYSTEM32\dsound.dll
0x00007fffdc3e0000 - 0x00007fffdc50c000 	C:\WINDOWS\SYSTEM32\AUDIOSES.DLL
0x00007fffdf2f0000 - 0x00007fffdf2fa000 	C:\WINDOWS\SYSTEM32\AVRT.dll
0x00007fffa77d0000 - 0x00007fffa7ad1000 	F:\有道\Dict\8.9.2.0\TextExtractorImpl64.dll
0x00007fffe08a0000 - 0x00007fffe090b000 	C:\WINDOWS\SYSTEM32\OLEACC.dll
0x00007fffd0bf0000 - 0x00007fffd0c75000 	C:\WINDOWS\SYSTEM32\WINSPOOL.DRV
0x00007fffde7f0000 - 0x00007fffde98b000 	C:\WINDOWS\WinSxS\amd64_microsoft.windows.gdiplus_6595b64144ccf1df_1.1.17134.1006_none_04e6abdcd726860d\gdiplus.dll
0x00007fffe3350000 - 0x00007fffe3388000 	C:\WINDOWS\SYSTEM32\IPHLPAPI.DLL
0x00007fffe0930000 - 0x00007fffe0937000 	C:\WINDOWS\SYSTEM32\MSIMG32.dll
0x00007fffe2880000 - 0x00007fffe2a49000 	C:\WINDOWS\SYSTEM32\dbghelp.dll

VM Arguments:
jvm_args: -Dfile.encoding=UTF-8 -Dfile.encoding=UTF-8 
java_command: mygame.AiArkanoid
java_class_path (initial): D:\jmonkeyengine\jmonkeyplatform\jmonkeyplatform\libs\jme3-jogg-3.2.4-stable.jar;D:\jmonkeyengine\jmonkeyplatform\jmonkeyplatform\libs\j-ogg-all-1.0.0.jar;D:\jmonkeyengine\jmonkeyplatform\jmonkeyplatform\libs\jme3-networking-3.2.4-stable.jar;D:\jmonkeyengine\jmonkeyplatform\jmonkeyplatform\libs\jme3-plugins-3.2.4-stable.jar;D:\jmonkeyengine\jmonkeyplatform\jmonkeyplatform\libs\gson-2.8.1.jar;D:\jmonkeyengine\jmonkeyplatform\jmonkeyplatform\libs\jme3-core-3.2.4-stable.jar;D:\jmonkeyengine\jmonkeyplatform\jmonkeyplatform\libs\jme3-desktop-3.2.4-stable.jar;D:\jmonkeyengine\jmonkeyplatform\jmonkeyplatform\libs\jme3-lwjgl-3.2.4-stable.jar;D:\jmonkeyengine\jmonkeyplatform\jmonkeyplatform\libs\lwjgl-2.9.3.jar;D:\jmonkeyengine\jmonkeyplatform\jmonkeyplatform\libs\jinput-2.0.5.jar;D:\jmonkeyengine\jmonkeyplatform\jmonkeyplatform\libs\jinput-platform-2.0.5-natives-linux.jar;D:\jmonkeyengine\jmonkeyplatform\jmonkeyplatform\libs\jinput-platform-2.0.5-natives-windows.jar;D:\jmonkeyengine\jmonkeyplatform\jmonkeyplatform\libs\jinput-platform-2.0.5-natives-osx.jar;D:\jmonkeyengine\jmonkeyplatform\jmonkeyplatform\libs\jutils-1.0.0.jar;D:\jmonkeyengine\jmonkeyplatform\jmonkeyplatform\libs\lwjgl-platform-2.9.3-natives-windows.jar;D:\jmonkeyengine\jmonkeyplatform\jmonkeyplatform\libs\lwjgl-platform-2.9.3-natives-linux.jar;D:\jmonkeyengine\jmonkeyplatform\jmonkeyplatform\libs\lwjgl-platform-2.9.3-natives-osx.jar;D:\jmonkeyengine\jmonkeyplatform\jmonkeyplatform\libs\jme3-effects-3.2.4-stable.jar;D:\jmonkeyengine\jmonkeyplatform\jmonkeyplatform\libs\jme3-terrain-3.2.4-stable.jar;D:\jmonkeyengine\jmonkeyplatform\jmonkeyplatform\libs\jme3-bullet-3.2.4-stable.jar;D:\jmonkeyengine\jmonkeyplatform\jmonkeyplatform\libs\jme3-bullet-native-3.2.4-stable.jar;D:\jmonkeyengine\jmonkeyplatform\jmonkeyplatform\libs\jme3-testdata.jar;D:\jmonkeyengine\AIArkanoid\build\classes;D:\jmonkeyengine\AIArkanoid\assets
Launcher Type: SUN_STANDARD

Environment Variables:
JAVA_HOME=C:\Program Files\Java\jdk1.8.0_181
JAVA_TOOL_OPTIONS=-Dfile.encoding=UTF-8
CLASSPATH=.;c:\program files\java\jdk1.8.0_181\bin\lib;c:\junit4.12;c:\junit4.12\junit-4.12.jar;c:\JUNIT4.12\hamcrest-core-1.3.jar;
PATH=C:\Program Files (x86)\Common Files\Oracle\Java\javapath;C:\Program Files (x86)\Intel\iCLS Client\;C:\Program Files\Intel\iCLS Client\;C:\Windows\system32;C:\Windows;C:\Windows\System32\Wbem;C:\Windows\System32\WindowsPowerShell\v1.0\;C:\Program Files (x86)\NVIDIA Corporation\PhysX\Common;C:\WINDOWS\system32;C:\WINDOWS;C:\WINDOWS\System32\Wbem;C:\WINDOWS\System32\WindowsPowerShell\v1.0\;C:\Program Files (x86)\Intel\Intel(R) Management Engine Components\DAL;C:\Program Files\Intel\Intel(R) Management Engine Components\DAL;C:\Program Files (x86)\Intel\Intel(R) Management Engine Components\IPT;C:\Program Files\Intel\Intel(R) Management Engine Components\IPT;C:\WINDOWS\System32\OpenSSH\;";C:\Program Files\Java\jdk1.8.0_181\bin;C:\Program Files\Java\jdk1.8.0_181\jre\bin";C:\Program Files\Java\jdk1.8.0_181\bin;C:\Program Files\Java\antjunit\apache-ant-1.10.5\bin;C:\JUNIT4.12\junit-4.12.jar;C:\Users\Jin\AppData\Local\Microsoft\WindowsApps;C:\Users\Jin\AppData\Roaming\Dashlane\6.1839.0.13410\bin\Firefox_Extension\{442718d9-475e-452a-b3e1-fb1ee16b8e9f}\components;C:\Users\Jin\AppData\Roaming\Dashlane\6.1839.0.13410\ucrt;C:\Users\Jin\AppData\Roaming\Dashlane\6.1839.0.13410\bin\Qt;C:\Users\Jin\AppData\Roaming\Dashlane\6.1839.0.13410\ucrt;C:\Users\Jin\AppData\Roaming\Dashlane\6.1839.0.13410\bin\Ssl;D:\visual studio code\Microsoft VS Code\bin
USERNAME=Bran.Kim
OS=Windows_NT
PROCESSOR_IDENTIFIER=Intel64 Family 6 Model 158 Stepping 9, GenuineIntel



---------------  S Y S T E M  ---------------

OS: Windows 10.0 , 64 bit Build 17134 (10.0.17134.753)

CPU:total 4 (initial active 4) (4 cores per cpu, 1 threads per core) family 6 model 158 stepping 9, cmov, cx8, fxsr, mmx, sse, sse2, sse3, ssse3, sse4.1, sse4.2, popcnt, avx, avx2, aes, clmul, erms, 3dnowpref, lzcnt, tsc, tscinvbit, bmi1, bmi2, adx

Memory: 4k page, physical 8088216k(4100940k free), swap 9095696k(1378216k free)

vm_info: OpenJDK 64-Bit Server VM (25.212-b04) for windows-amd64 JRE (1.8.0_212-b04), built on Jun  3 2019 21:11:11 by "jenkins" with MS VC++ 12.0 (VS2013)

time: Thu Apr 16 21:09:39 2020
timezone: GMT ??á?ê±
elapsed time: 13 seconds (0d 0h 0m 13s)

